d:\kuaipan\my_work\my paper\sigcomm2015\code\implementation\newclb\clb\clb\debug\vc120.pdb
d:\kuaipan\my_work\my paper\sigcomm2015\code\implementation\newclb\clb\clb\debug\vc120.idb
d:\kuaipan\my_work\my paper\sigcomm2015\code\implementation\newclb\clb\clb\debug\clb_main.obj
d:\kuaipan\my_work\my paper\sigcomm2015\code\implementation\newclb\clb\clb\debug\clb_tunnel_agent.obj
d:\kuaipan\my_work\my paper\sigcomm2015\code\implementation\newclb\clb\clb\debug\debug_print.obj
d:\kuaipan\my_work\my paper\sigcomm2015\code\implementation\newclb\clb\clb\debug\decode.obj
d:\kuaipan\my_work\my paper\sigcomm2015\code\implementation\newclb\clb\clb\debug\encode.obj
d:\kuaipan\my_work\my paper\sigcomm2015\code\implementation\newclb\clb\clb\debug\fetchpacket.obj
d:\kuaipan\my_work\my paper\sigcomm2015\code\implementation\newclb\clb\clb\debug\flow_classify.obj
d:\kuaipan\my_work\my paper\sigcomm2015\code\implementation\newclb\clb\clb\debug\ip.obj
d:\kuaipan\my_work\my paper\sigcomm2015\code\implementation\newclb\clb\clb\debug\cauchy_best_r6.obj
d:\kuaipan\my_work\my paper\sigcomm2015\code\implementation\newclb\clb\clb\debug\galois.obj
d:\kuaipan\my_work\my paper\sigcomm2015\code\implementation\newclb\clb\clb\debug\gf.obj
d:\kuaipan\my_work\my paper\sigcomm2015\code\implementation\newclb\clb\clb\debug\gf_general.obj
d:\kuaipan\my_work\my paper\sigcomm2015\code\implementation\newclb\clb\clb\debug\gf_method.obj
d:\kuaipan\my_work\my paper\sigcomm2015\code\implementation\newclb\clb\clb\debug\gf_rand.obj
d:\kuaipan\my_work\my paper\sigcomm2015\code\implementation\newclb\clb\clb\debug\gf_w128.obj
d:\kuaipan\my_work\my paper\sigcomm2015\code\implementation\newclb\clb\clb\debug\gf_w16.obj
d:\kuaipan\my_work\my paper\sigcomm2015\code\implementation\newclb\clb\clb\debug\gf_w32.obj
d:\kuaipan\my_work\my paper\sigcomm2015\code\implementation\newclb\clb\clb\debug\gf_w4.obj
d:\kuaipan\my_work\my paper\sigcomm2015\code\implementation\newclb\clb\clb\debug\gf_w64.obj
d:\kuaipan\my_work\my paper\sigcomm2015\code\implementation\newclb\clb\clb\debug\gf_w8.obj
d:\kuaipan\my_work\my paper\sigcomm2015\code\implementation\newclb\clb\clb\debug\gf_wgen.obj
d:\kuaipan\my_work\my paper\sigcomm2015\code\implementation\newclb\clb\clb\debug\jerasure.obj
d:\kuaipan\my_work\my paper\sigcomm2015\code\implementation\newclb\clb\clb\debug\liberation.obj
d:\kuaipan\my_work\my paper\sigcomm2015\code\implementation\newclb\clb\clb\debug\reed_sol.obj
d:\kuaipan\my_work\my paper\sigcomm2015\code\implementation\newclb\clb\debug\clb.ilk
d:\kuaipan\my_work\my paper\sigcomm2015\code\implementation\newclb\clb\debug\clb.exe
d:\kuaipan\my_work\my paper\sigcomm2015\code\implementation\newclb\clb\debug\clb.pdb
d:\kuaipan\my_work\my paper\sigcomm2015\code\implementation\newclb\clb\clb\debug\clb.tlog\cl.command.1.tlog
d:\kuaipan\my_work\my paper\sigcomm2015\code\implementation\newclb\clb\clb\debug\clb.tlog\cl.read.1.tlog
d:\kuaipan\my_work\my paper\sigcomm2015\code\implementation\newclb\clb\clb\debug\clb.tlog\cl.write.1.tlog
d:\kuaipan\my_work\my paper\sigcomm2015\code\implementation\newclb\clb\clb\debug\clb.tlog\link.command.1.tlog
d:\kuaipan\my_work\my paper\sigcomm2015\code\implementation\newclb\clb\clb\debug\clb.tlog\link.read.1.tlog
d:\kuaipan\my_work\my paper\sigcomm2015\code\implementation\newclb\clb\clb\debug\clb.tlog\link.write.1.tlog
