C:\BUILD\SSW\SAMPLE\FILTERPACKET\X64\DEBUG\FILTERPACKET.OBJ
C:\BUILD\SSW\SAMPLE\FILTERPACKET\X64\DEBUG\VC110.PDB
C:\BUILD\SSW\SAMPLE\X64\DEBUG\FILTERPACKET.ILK
C:\BUILD\SSW\SAMPLE\X64\DEBUG\FILTERPACKET.EXE
C:\BUILD\SSW\SAMPLE\X64\DEBUG\FILTERPACKET.PDB
C:\build\ssw\sample\filterpacket\x64\Debug\filterpacket.obj
C:\build\ssw\sample\filterpacket\x64\Debug\cl.command.1.tlog
C:\build\ssw\sample\filterpacket\x64\Debug\CL.read.1.tlog
C:\build\ssw\sample\filterpacket\x64\Debug\CL.write.1.tlog
C:\build\ssw\sample\filterpacket\x64\Debug\link-cvtres.read.1.tlog
C:\build\ssw\sample\filterpacket\x64\Debug\link-cvtres.write.1.tlog
C:\build\ssw\sample\filterpacket\x64\Debug\link-rc.read.1.tlog
C:\build\ssw\sample\filterpacket\x64\Debug\link-rc.write.1.tlog
C:\build\ssw\sample\filterpacket\x64\Debug\link.command.1.tlog
C:\build\ssw\sample\filterpacket\x64\Debug\link.read.1.tlog
C:\build\ssw\sample\filterpacket\x64\Debug\link.write.1.tlog
C:\build\ssw\sample\filterpacket\x64\Debug\vc110.idb
C:\build\ssw\sample\filterpacket\x64\Debug\vc110.pdb
C:\build\ssw\sample\x64\Debug\filterpacket.pdb
C:\build\ssw\sample\x64\Debug\filterpacket.exe
C:\build\ssw\sample\x64\Debug\filterpacket.ilk
